#
# There is insufficient memory for the Java Runtime Environment to continue.
# Native memory allocation (malloc) failed to allocate 590496 bytes for Chunk::new
# Possible reasons:
#   The system is out of physical RAM or swap space
#   The process is running with CompressedOops enabled, and the Java Heap may be blocking the growth of the native heap
# Possible solutions:
#   Reduce memory load on the system
#   Increase physical memory or swap space
#   Check if swap backing store is full
#   Decrease Java heap size (-Xmx/-Xms)
#   Decrease number of Java threads
#   Decrease Java thread stack sizes (-Xss)
#   Set larger code cache with -XX:ReservedCodeCacheSize=
#   JVM is running with Zero Based Compressed Oops mode in which the Java heap is
#     placed in the first 32GB address space. The Java Heap base address is the
#     maximum limit for the native heap growth. Please use -XX:HeapBaseMinAddress
#     to set the Java Heap base and to place the Java Heap above 32GB virtual address.
# This output file may be truncated or incomplete.
#
#  Out of Memory Error (arena.cpp:191), pid=34872, tid=41208
#
# JRE version: OpenJDK Runtime Environment Temurin-17.0.9+9 (17.0.9+9) (build 17.0.9+9)
# Java VM: OpenJDK 64-Bit Server VM Temurin-17.0.9+9 (17.0.9+9, mixed mode, sharing, tiered, compressed oops, compressed class ptrs, g1 gc, windows-amd64)
# No core dump will be written. Minidumps are not enabled by default on client versions of Windows
#

---------------  S U M M A R Y ------------

Command Line: org.gradle.launcher.GradleMain -Dorg.gradle.jvmargs=-Xmx4096m --stop

Host: AMD Ryzen 7 5800H with Radeon Graphics         , 16 cores, 15G,  Windows 11 , 64 bit Build 26100 (10.0.26100.4202)
Time: Mon Jul  7 18:19:35 2025  Windows 11 , 64 bit Build 26100 (10.0.26100.4202) elapsed time: 0.470823 seconds (0d 0h 0m 0s)

---------------  T H R E A D  ---------------

Current thread (0x000001dcf77d8430):  JavaThread "C2 CompilerThread2" daemon [_thread_in_native, id=41208, stack(0x000000b87e300000,0x000000b87e400000)]


Current CompileTask:
C2:    470  608       4       java.util.HashMap::putVal (300 bytes)

Stack: [0x000000b87e300000,0x000000b87e400000]
Native frames: (J=compiled Java code, j=interpreted, Vv=VM code, C=native code)
V  [jvm.dll+0x67cf49]
V  [jvm.dll+0x83478a]
V  [jvm.dll+0x83624e]
V  [jvm.dll+0x8368b3]
V  [jvm.dll+0x247f1f]
V  [jvm.dll+0xac43c]
V  [jvm.dll+0xaca8c]
V  [jvm.dll+0x367067]
V  [jvm.dll+0x3313ba]
V  [jvm.dll+0x33085a]
V  [jvm.dll+0x21a5b1]
V  [jvm.dll+0x2199d1]
V  [jvm.dll+0x1a57cd]
V  [jvm.dll+0x2297ae]
V  [jvm.dll+0x22797c]
V  [jvm.dll+0x7e9877]
V  [jvm.dll+0x7e3c3a]
V  [jvm.dll+0x67be35]
C  [ucrtbase.dll+0x37b0]
C  [KERNEL32.DLL+0x2e8d7]
C  [ntdll.dll+0x3c34c]


---------------  P R O C E S S  ---------------

Threads class SMR info:
_java_thread_list=0x000001dcf798e040, length=17, elements={
0x000001dcd1a3afb0, 0x000001dcf76c3d60, 0x000001dcf76c6540, 0x000001dcf76e2120,
0x000001dcf76e4710, 0x000001dcf76e4ce0, 0x000001dcf76e92c0, 0x000001dcf76f21e0,
0x000001dcf7706030, 0x000001dcf770aa60, 0x000001dcf77d9420, 0x000001dcf7916b90,
0x000001dcf791a340, 0x000001dcf77d9970, 0x000001dcf77d8430, 0x000001dcf77d69a0,
0x000001dcf77d8980
}

Java Threads: ( => current thread )
  0x000001dcd1a3afb0 JavaThread "main" [_thread_in_vm, id=23452, stack(0x000000b87ce00000,0x000000b87cf00000)]
  0x000001dcf76c3d60 JavaThread "Reference Handler" daemon [_thread_blocked, id=43000, stack(0x000000b87d500000,0x000000b87d600000)]
  0x000001dcf76c6540 JavaThread "Finalizer" daemon [_thread_blocked, id=27816, stack(0x000000b87d600000,0x000000b87d700000)]
  0x000001dcf76e2120 JavaThread "Signal Dispatcher" daemon [_thread_blocked, id=47584, stack(0x000000b87d700000,0x000000b87d800000)]
  0x000001dcf76e4710 JavaThread "Attach Listener" daemon [_thread_blocked, id=4728, stack(0x000000b87d800000,0x000000b87d900000)]
  0x000001dcf76e4ce0 JavaThread "Service Thread" daemon [_thread_blocked, id=2644, stack(0x000000b87d900000,0x000000b87da00000)]
  0x000001dcf76e92c0 JavaThread "Monitor Deflation Thread" daemon [_thread_blocked, id=44124, stack(0x000000b87da00000,0x000000b87db00000)]
  0x000001dcf76f21e0 JavaThread "C2 CompilerThread0" daemon [_thread_blocked, id=18392, stack(0x000000b87db00000,0x000000b87dc00000)]
  0x000001dcf7706030 JavaThread "C1 CompilerThread0" daemon [_thread_blocked, id=33060, stack(0x000000b87dc00000,0x000000b87dd00000)]
  0x000001dcf770aa60 JavaThread "Sweeper thread" daemon [_thread_blocked, id=23596, stack(0x000000b87dd00000,0x000000b87de00000)]
  0x000001dcf77d9420 JavaThread "C1 CompilerThread1" daemon [_thread_blocked, id=12576, stack(0x000000b87de00000,0x000000b87df00000)]
  0x000001dcf7916b90 JavaThread "Notification Thread" daemon [_thread_blocked, id=15352, stack(0x000000b87df00000,0x000000b87e000000)]
  0x000001dcf791a340 JavaThread "Common-Cleaner" daemon [_thread_blocked, id=25748, stack(0x000000b87e100000,0x000000b87e200000)]
  0x000001dcf77d9970 JavaThread "C2 CompilerThread1" daemon [_thread_blocked, id=23804, stack(0x000000b87e200000,0x000000b87e300000)]
=>0x000001dcf77d8430 JavaThread "C2 CompilerThread2" daemon [_thread_in_native, id=41208, stack(0x000000b87e300000,0x000000b87e400000)]
  0x000001dcf77d69a0 JavaThread "C2 CompilerThread3" daemon [_thread_blocked, id=22872, stack(0x000000b87e400000,0x000000b87e500000)]
  0x000001dcf77d8980 JavaThread "C2 CompilerThread4" daemon [_thread_blocked, id=14992, stack(0x000000b87e500000,0x000000b87e600000)]

Other Threads:
  0x000001dcf76bf2b0 VMThread "VM Thread" [stack: 0x000000b87d400000,0x000000b87d500000] [id=20960]
  0x000001dcf7918890 WatcherThread [stack: 0x000000b87e000000,0x000000b87e100000] [id=32840]
  0x000001dcd348a4d0 GCTaskThread "GC Thread#0" [stack: 0x000000b87cf00000,0x000000b87d000000] [id=29760]
  0x000001dcd349b340 ConcurrentGCThread "G1 Main Marker" [stack: 0x000000b87d000000,0x000000b87d100000] [id=40428]
  0x000001dcd349d780 ConcurrentGCThread "G1 Conc#0" [stack: 0x000000b87d100000,0x000000b87d200000] [id=16988]
  0x000001dcf70282b0 ConcurrentGCThread "G1 Refine#0" [stack: 0x000000b87d200000,0x000000b87d300000] [id=33440]
  0x000001dcf7028790 ConcurrentGCThread "G1 Service" [stack: 0x000000b87d300000,0x000000b87d400000] [id=28476]

Threads with active compile tasks:
C1 CompilerThread0      517  658       3       java.util.zip.ZipEntry::<init> (84 bytes)
C2 CompilerThread2      518  608       4       java.util.HashMap::putVal (300 bytes)
C2 CompilerThread3      518  656       4       java.lang.StringBuilder::append (8 bytes)
C2 CompilerThread4      518  657       4       java.lang.AbstractStringBuilder::append (45 bytes)

VM state: not at safepoint (normal execution)

VM Mutex/Monitor currently owned by a thread: None

Heap address: 0x0000000702400000, size: 4060 MB, Compressed Oops mode: Zero based, Oop shift amount: 3

CDS archive(s) mapped at: [0x000001dc80000000-0x000001dc80ba0000-0x000001dc80ba0000), size 12189696, SharedBaseAddress: 0x000001dc80000000, ArchiveRelocationMode: 1.
Compressed class space mapped at: 0x000001dc81000000-0x000001dcc1000000, reserved size: 1073741824
Narrow klass base: 0x000001dc80000000, Narrow klass shift: 0, Narrow klass range: 0x100000000

GC Precious Log:
 CPUs: 16 total, 16 available
 Memory: 16236M
 Large Page Support: Disabled
 NUMA Support: Disabled
 Compressed Oops: Enabled (Zero based)
 Heap Region Size: 2M
 Heap Min Capacity: 8M
 Heap Initial Capacity: 254M
 Heap Max Capacity: 4060M
 Pre-touch: Disabled
 Parallel Workers: 13
 Concurrent Workers: 3
 Concurrent Refinement Workers: 13
 Periodic GC: Disabled

Heap:
 garbage-first heap   total 260096K, used 20480K [0x0000000702400000, 0x0000000800000000)
  region size 2048K, 9 young (18432K), 0 survivors (0K)
 Metaspace       used 1430K, committed 1536K, reserved 1114112K
  class space    used 136K, committed 192K, reserved 1048576K

Heap Regions: E=young(eden), S=young(survivor), O=old, HS=humongous(starts), HC=humongous(continues), CS=collection set, F=free, OA=open archive, CA=closed archive, TAMS=top-at-mark-start (previous, next)
|   0|0x0000000702400000, 0x0000000702600000, 0x0000000702600000|100%|HS|  |TAMS 0x0000000702400000, 0x0000000702400000| Complete 
|   1|0x0000000702600000, 0x0000000702800000, 0x0000000702800000|100%|HC|  |TAMS 0x0000000702600000, 0x0000000702600000| Complete 
|   2|0x0000000702800000, 0x0000000702800000, 0x0000000702a00000|  0%| F|  |TAMS 0x0000000702800000, 0x0000000702800000| Untracked 
|   3|0x0000000702a00000, 0x0000000702a00000, 0x0000000702c00000|  0%| F|  |TAMS 0x0000000702a00000, 0x0000000702a00000| Untracked 
|   4|0x0000000702c00000, 0x0000000702c00000, 0x0000000702e00000|  0%| F|  |TAMS 0x0000000702c00000, 0x0000000702c00000| Untracked 
|   5|0x0000000702e00000, 0x0000000702e00000, 0x0000000703000000|  0%| F|  |TAMS 0x0000000702e00000, 0x0000000702e00000| Untracked 
|   6|0x0000000703000000, 0x0000000703000000, 0x0000000703200000|  0%| F|  |TAMS 0x0000000703000000, 0x0000000703000000| Untracked 
|   7|0x0000000703200000, 0x0000000703200000, 0x0000000703400000|  0%| F|  |TAMS 0x0000000703200000, 0x0000000703200000| Untracked 
|   8|0x0000000703400000, 0x0000000703400000, 0x0000000703600000|  0%| F|  |TAMS 0x0000000703400000, 0x0000000703400000| Untracked 
|   9|0x0000000703600000, 0x0000000703600000, 0x0000000703800000|  0%| F|  |TAMS 0x0000000703600000, 0x0000000703600000| Untracked 
|  10|0x0000000703800000, 0x0000000703800000, 0x0000000703a00000|  0%| F|  |TAMS 0x0000000703800000, 0x0000000703800000| Untracked 
|  11|0x0000000703a00000, 0x0000000703a00000, 0x0000000703c00000|  0%| F|  |TAMS 0x0000000703a00000, 0x0000000703a00000| Untracked 
|  12|0x0000000703c00000, 0x0000000703c00000, 0x0000000703e00000|  0%| F|  |TAMS 0x0000000703c00000, 0x0000000703c00000| Untracked 
|  13|0x0000000703e00000, 0x0000000703e00000, 0x0000000704000000|  0%| F|  |TAMS 0x0000000703e00000, 0x0000000703e00000| Untracked 
|  14|0x0000000704000000, 0x0000000704000000, 0x0000000704200000|  0%| F|  |TAMS 0x0000000704000000, 0x0000000704000000| Untracked 
|  15|0x0000000704200000, 0x0000000704200000, 0x0000000704400000|  0%| F|  |TAMS 0x0000000704200000, 0x0000000704200000| Untracked 
|  16|0x0000000704400000, 0x0000000704400000, 0x0000000704600000|  0%| F|  |TAMS 0x0000000704400000, 0x0000000704400000| Untracked 
|  17|0x0000000704600000, 0x0000000704600000, 0x0000000704800000|  0%| F|  |TAMS 0x0000000704600000, 0x0000000704600000| Untracked 
|  18|0x0000000704800000, 0x0000000704800000, 0x0000000704a00000|  0%| F|  |TAMS 0x0000000704800000, 0x0000000704800000| Untracked 
|  19|0x0000000704a00000, 0x0000000704a00000, 0x0000000704c00000|  0%| F|  |TAMS 0x0000000704a00000, 0x0000000704a00000| Untracked 
|  20|0x0000000704c00000, 0x0000000704c00000, 0x0000000704e00000|  0%| F|  |TAMS 0x0000000704c00000, 0x0000000704c00000| Untracked 
|  21|0x0000000704e00000, 0x0000000704e00000, 0x0000000705000000|  0%| F|  |TAMS 0x0000000704e00000, 0x0000000704e00000| Untracked 
|  22|0x0000000705000000, 0x0000000705000000, 0x0000000705200000|  0%| F|  |TAMS 0x0000000705000000, 0x0000000705000000| Untracked 
|  23|0x0000000705200000, 0x0000000705200000, 0x0000000705400000|  0%| F|  |TAMS 0x0000000705200000, 0x0000000705200000| Untracked 
|  24|0x0000000705400000, 0x0000000705400000, 0x0000000705600000|  0%| F|  |TAMS 0x0000000705400000, 0x0000000705400000| Untracked 
|  25|0x0000000705600000, 0x0000000705600000, 0x0000000705800000|  0%| F|  |TAMS 0x0000000705600000, 0x0000000705600000| Untracked 
|  26|0x0000000705800000, 0x0000000705800000, 0x0000000705a00000|  0%| F|  |TAMS 0x0000000705800000, 0x0000000705800000| Untracked 
|  27|0x0000000705a00000, 0x0000000705a00000, 0x0000000705c00000|  0%| F|  |TAMS 0x0000000705a00000, 0x0000000705a00000| Untracked 
|  28|0x0000000705c00000, 0x0000000705c00000, 0x0000000705e00000|  0%| F|  |TAMS 0x0000000705c00000, 0x0000000705c00000| Untracked 
|  29|0x0000000705e00000, 0x0000000705e00000, 0x0000000706000000|  0%| F|  |TAMS 0x0000000705e00000, 0x0000000705e00000| Untracked 
|  30|0x0000000706000000, 0x0000000706000000, 0x0000000706200000|  0%| F|  |TAMS 0x0000000706000000, 0x0000000706000000| Untracked 
|  31|0x0000000706200000, 0x0000000706200000, 0x0000000706400000|  0%| F|  |TAMS 0x0000000706200000, 0x0000000706200000| Untracked 
|  32|0x0000000706400000, 0x0000000706400000, 0x0000000706600000|  0%| F|  |TAMS 0x0000000706400000, 0x0000000706400000| Untracked 
|  33|0x0000000706600000, 0x0000000706600000, 0x0000000706800000|  0%| F|  |TAMS 0x0000000706600000, 0x0000000706600000| Untracked 
|  34|0x0000000706800000, 0x0000000706800000, 0x0000000706a00000|  0%| F|  |TAMS 0x0000000706800000, 0x0000000706800000| Untracked 
|  35|0x0000000706a00000, 0x0000000706a00000, 0x0000000706c00000|  0%| F|  |TAMS 0x0000000706a00000, 0x0000000706a00000| Untracked 
|  36|0x0000000706c00000, 0x0000000706c00000, 0x0000000706e00000|  0%| F|  |TAMS 0x0000000706c00000, 0x0000000706c00000| Untracked 
|  37|0x0000000706e00000, 0x0000000706e00000, 0x0000000707000000|  0%| F|  |TAMS 0x0000000706e00000, 0x0000000706e00000| Untracked 
|  38|0x0000000707000000, 0x0000000707000000, 0x0000000707200000|  0%| F|  |TAMS 0x0000000707000000, 0x0000000707000000| Untracked 
|  39|0x0000000707200000, 0x0000000707200000, 0x0000000707400000|  0%| F|  |TAMS 0x0000000707200000, 0x0000000707200000| Untracked 
|  40|0x0000000707400000, 0x0000000707400000, 0x0000000707600000|  0%| F|  |TAMS 0x0000000707400000, 0x0000000707400000| Untracked 
|  41|0x0000000707600000, 0x0000000707600000, 0x0000000707800000|  0%| F|  |TAMS 0x0000000707600000, 0x0000000707600000| Untracked 
|  42|0x0000000707800000, 0x0000000707800000, 0x0000000707a00000|  0%| F|  |TAMS 0x0000000707800000, 0x0000000707800000| Untracked 
|  43|0x0000000707a00000, 0x0000000707a00000, 0x0000000707c00000|  0%| F|  |TAMS 0x0000000707a00000, 0x0000000707a00000| Untracked 
|  44|0x0000000707c00000, 0x0000000707c00000, 0x0000000707e00000|  0%| F|  |TAMS 0x0000000707c00000, 0x0000000707c00000| Untracked 
|  45|0x0000000707e00000, 0x0000000707e00000, 0x0000000708000000|  0%| F|  |TAMS 0x0000000707e00000, 0x0000000707e00000| Untracked 
|  46|0x0000000708000000, 0x0000000708000000, 0x0000000708200000|  0%| F|  |TAMS 0x0000000708000000, 0x0000000708000000| Untracked 
|  47|0x0000000708200000, 0x0000000708200000, 0x0000000708400000|  0%| F|  |TAMS 0x0000000708200000, 0x0000000708200000| Untracked 
|  48|0x0000000708400000, 0x0000000708400000, 0x0000000708600000|  0%| F|  |TAMS 0x0000000708400000, 0x0000000708400000| Untracked 
|  49|0x0000000708600000, 0x0000000708600000, 0x0000000708800000|  0%| F|  |TAMS 0x0000000708600000, 0x0000000708600000| Untracked 
|  50|0x0000000708800000, 0x0000000708800000, 0x0000000708a00000|  0%| F|  |TAMS 0x0000000708800000, 0x0000000708800000| Untracked 
|  51|0x0000000708a00000, 0x0000000708a00000, 0x0000000708c00000|  0%| F|  |TAMS 0x0000000708a00000, 0x0000000708a00000| Untracked 
|  52|0x0000000708c00000, 0x0000000708c00000, 0x0000000708e00000|  0%| F|  |TAMS 0x0000000708c00000, 0x0000000708c00000| Untracked 
|  53|0x0000000708e00000, 0x0000000708e00000, 0x0000000709000000|  0%| F|  |TAMS 0x0000000708e00000, 0x0000000708e00000| Untracked 
|  54|0x0000000709000000, 0x0000000709000000, 0x0000000709200000|  0%| F|  |TAMS 0x0000000709000000, 0x0000000709000000| Untracked 
|  55|0x0000000709200000, 0x0000000709200000, 0x0000000709400000|  0%| F|  |TAMS 0x0000000709200000, 0x0000000709200000| Untracked 
|  56|0x0000000709400000, 0x0000000709400000, 0x0000000709600000|  0%| F|  |TAMS 0x0000000709400000, 0x0000000709400000| Untracked 
|  57|0x0000000709600000, 0x0000000709600000, 0x0000000709800000|  0%| F|  |TAMS 0x0000000709600000, 0x0000000709600000| Untracked 
|  58|0x0000000709800000, 0x0000000709800000, 0x0000000709a00000|  0%| F|  |TAMS 0x0000000709800000, 0x0000000709800000| Untracked 
|  59|0x0000000709a00000, 0x0000000709a00000, 0x0000000709c00000|  0%| F|  |TAMS 0x0000000709a00000, 0x0000000709a00000| Untracked 
|  60|0x0000000709c00000, 0x0000000709c00000, 0x0000000709e00000|  0%| F|  |TAMS 0x0000000709c00000, 0x0000000709c00000| Untracked 
|  61|0x0000000709e00000, 0x0000000709e00000, 0x000000070a000000|  0%| F|  |TAMS 0x0000000709e00000, 0x0000000709e00000| Untracked 
|  62|0x000000070a000000, 0x000000070a000000, 0x000000070a200000|  0%| F|  |TAMS 0x000000070a000000, 0x000000070a000000| Untracked 
|  63|0x000000070a200000, 0x000000070a200000, 0x000000070a400000|  0%| F|  |TAMS 0x000000070a200000, 0x000000070a200000| Untracked 
|  64|0x000000070a400000, 0x000000070a400000, 0x000000070a600000|  0%| F|  |TAMS 0x000000070a400000, 0x000000070a400000| Untracked 
|  65|0x000000070a600000, 0x000000070a600000, 0x000000070a800000|  0%| F|  |TAMS 0x000000070a600000, 0x000000070a600000| Untracked 
|  66|0x000000070a800000, 0x000000070a800000, 0x000000070aa00000|  0%| F|  |TAMS 0x000000070a800000, 0x000000070a800000| Untracked 
|  67|0x000000070aa00000, 0x000000070aa00000, 0x000000070ac00000|  0%| F|  |TAMS 0x000000070aa00000, 0x000000070aa00000| Untracked 
|  68|0x000000070ac00000, 0x000000070ac00000, 0x000000070ae00000|  0%| F|  |TAMS 0x000000070ac00000, 0x000000070ac00000| Untracked 
|  69|0x000000070ae00000, 0x000000070ae00000, 0x000000070b000000|  0%| F|  |TAMS 0x000000070ae00000, 0x000000070ae00000| Untracked 
|  70|0x000000070b000000, 0x000000070b000000, 0x000000070b200000|  0%| F|  |TAMS 0x000000070b000000, 0x000000070b000000| Untracked 
|  71|0x000000070b200000, 0x000000070b200000, 0x000000070b400000|  0%| F|  |TAMS 0x000000070b200000, 0x000000070b200000| Untracked 
|  72|0x000000070b400000, 0x000000070b400000, 0x000000070b600000|  0%| F|  |TAMS 0x000000070b400000, 0x000000070b400000| Untracked 
|  73|0x000000070b600000, 0x000000070b600000, 0x000000070b800000|  0%| F|  |TAMS 0x000000070b600000, 0x000000070b600000| Untracked 
|  74|0x000000070b800000, 0x000000070b800000, 0x000000070ba00000|  0%| F|  |TAMS 0x000000070b800000, 0x000000070b800000| Untracked 
|  75|0x000000070ba00000, 0x000000070ba00000, 0x000000070bc00000|  0%| F|  |TAMS 0x000000070ba00000, 0x000000070ba00000| Untracked 
|  76|0x000000070bc00000, 0x000000070bc00000, 0x000000070be00000|  0%| F|  |TAMS 0x000000070bc00000, 0x000000070bc00000| Untracked 
|  77|0x000000070be00000, 0x000000070be00000, 0x000000070c000000|  0%| F|  |TAMS 0x000000070be00000, 0x000000070be00000| Untracked 
|  78|0x000000070c000000, 0x000000070c000000, 0x000000070c200000|  0%| F|  |TAMS 0x000000070c000000, 0x000000070c000000| Untracked 
|  79|0x000000070c200000, 0x000000070c200000, 0x000000070c400000|  0%| F|  |TAMS 0x000000070c200000, 0x000000070c200000| Untracked 
|  80|0x000000070c400000, 0x000000070c400000, 0x000000070c600000|  0%| F|  |TAMS 0x000000070c400000, 0x000000070c400000| Untracked 
|  81|0x000000070c600000, 0x000000070c600000, 0x000000070c800000|  0%| F|  |TAMS 0x000000070c600000, 0x000000070c600000| Untracked 
|  82|0x000000070c800000, 0x000000070c800000, 0x000000070ca00000|  0%| F|  |TAMS 0x000000070c800000, 0x000000070c800000| Untracked 
|  83|0x000000070ca00000, 0x000000070ca00000, 0x000000070cc00000|  0%| F|  |TAMS 0x000000070ca00000, 0x000000070ca00000| Untracked 
|  84|0x000000070cc00000, 0x000000070cc00000, 0x000000070ce00000|  0%| F|  |TAMS 0x000000070cc00000, 0x000000070cc00000| Untracked 
|  85|0x000000070ce00000, 0x000000070ce00000, 0x000000070d000000|  0%| F|  |TAMS 0x000000070ce00000, 0x000000070ce00000| Untracked 
|  86|0x000000070d000000, 0x000000070d000000, 0x000000070d200000|  0%| F|  |TAMS 0x000000070d000000, 0x000000070d000000| Untracked 
|  87|0x000000070d200000, 0x000000070d200000, 0x000000070d400000|  0%| F|  |TAMS 0x000000070d200000, 0x000000070d200000| Untracked 
|  88|0x000000070d400000, 0x000000070d400000, 0x000000070d600000|  0%| F|  |TAMS 0x000000070d400000, 0x000000070d400000| Untracked 
|  89|0x000000070d600000, 0x000000070d600000, 0x000000070d800000|  0%| F|  |TAMS 0x000000070d600000, 0x000000070d600000| Untracked 
|  90|0x000000070d800000, 0x000000070d800000, 0x000000070da00000|  0%| F|  |TAMS 0x000000070d800000, 0x000000070d800000| Untracked 
|  91|0x000000070da00000, 0x000000070da00000, 0x000000070dc00000|  0%| F|  |TAMS 0x000000070da00000, 0x000000070da00000| Untracked 
|  92|0x000000070dc00000, 0x000000070dc00000, 0x000000070de00000|  0%| F|  |TAMS 0x000000070dc00000, 0x000000070dc00000| Untracked 
|  93|0x000000070de00000, 0x000000070de00000, 0x000000070e000000|  0%| F|  |TAMS 0x000000070de00000, 0x000000070de00000| Untracked 
|  94|0x000000070e000000, 0x000000070e000000, 0x000000070e200000|  0%| F|  |TAMS 0x000000070e000000, 0x000000070e000000| Untracked 
|  95|0x000000070e200000, 0x000000070e200000, 0x000000070e400000|  0%| F|  |TAMS 0x000000070e200000, 0x000000070e200000| Untracked 
|  96|0x000000070e400000, 0x000000070e400000, 0x000000070e600000|  0%| F|  |TAMS 0x000000070e400000, 0x000000070e400000| Untracked 
|  97|0x000000070e600000, 0x000000070e600000, 0x000000070e800000|  0%| F|  |TAMS 0x000000070e600000, 0x000000070e600000| Untracked 
|  98|0x000000070e800000, 0x000000070e800000, 0x000000070ea00000|  0%| F|  |TAMS 0x000000070e800000, 0x000000070e800000| Untracked 
|  99|0x000000070ea00000, 0x000000070ea00000, 0x000000070ec00000|  0%| F|  |TAMS 0x000000070ea00000, 0x000000070ea00000| Untracked 
| 100|0x000000070ec00000, 0x000000070ec00000, 0x000000070ee00000|  0%| F|  |TAMS 0x000000070ec00000, 0x000000070ec00000| Untracked 
| 101|0x000000070ee00000, 0x000000070ee00000, 0x000000070f000000|  0%| F|  |TAMS 0x000000070ee00000, 0x000000070ee00000| Untracked 
| 102|0x000000070f000000, 0x000000070f000000, 0x000000070f200000|  0%| F|  |TAMS 0x000000070f000000, 0x000000070f000000| Untracked 
| 103|0x000000070f200000, 0x000000070f200000, 0x000000070f400000|  0%| F|  |TAMS 0x000000070f200000, 0x000000070f200000| Untracked 
| 104|0x000000070f400000, 0x000000070f400000, 0x000000070f600000|  0%| F|  |TAMS 0x000000070f400000, 0x000000070f400000| Untracked 
| 105|0x000000070f600000, 0x000000070f600000, 0x000000070f800000|  0%| F|  |TAMS 0x000000070f600000, 0x000000070f600000| Untracked 
| 106|0x000000070f800000, 0x000000070f800000, 0x000000070fa00000|  0%| F|  |TAMS 0x000000070f800000, 0x000000070f800000| Untracked 
| 107|0x000000070fa00000, 0x000000070fa00000, 0x000000070fc00000|  0%| F|  |TAMS 0x000000070fa00000, 0x000000070fa00000| Untracked 
| 108|0x000000070fc00000, 0x000000070fc00000, 0x000000070fe00000|  0%| F|  |TAMS 0x000000070fc00000, 0x000000070fc00000| Untracked 
| 109|0x000000070fe00000, 0x000000070fe00000, 0x0000000710000000|  0%| F|  |TAMS 0x000000070fe00000, 0x000000070fe00000| Untracked 
| 110|0x0000000710000000, 0x0000000710000000, 0x0000000710200000|  0%| F|  |TAMS 0x0000000710000000, 0x0000000710000000| Untracked 
| 111|0x0000000710200000, 0x0000000710200000, 0x0000000710400000|  0%| F|  |TAMS 0x0000000710200000, 0x0000000710200000| Untracked 
| 112|0x0000000710400000, 0x0000000710400000, 0x0000000710600000|  0%| F|  |TAMS 0x0000000710400000, 0x0000000710400000| Untracked 
| 113|0x0000000710600000, 0x0000000710600000, 0x0000000710800000|  0%| F|  |TAMS 0x0000000710600000, 0x0000000710600000| Untracked 
| 114|0x0000000710800000, 0x0000000710800000, 0x0000000710a00000|  0%| F|  |TAMS 0x0000000710800000, 0x0000000710800000| Untracked 
| 115|0x0000000710a00000, 0x0000000710a00000, 0x0000000710c00000|  0%| F|  |TAMS 0x0000000710a00000, 0x0000000710a00000| Untracked 
| 116|0x0000000710c00000, 0x0000000710c00000, 0x0000000710e00000|  0%| F|  |TAMS 0x0000000710c00000, 0x0000000710c00000| Untracked 
| 117|0x0000000710e00000, 0x0000000710e00000, 0x0000000711000000|  0%| F|  |TAMS 0x0000000710e00000, 0x0000000710e00000| Untracked 
| 118|0x0000000711000000, 0x000000071116b550, 0x0000000711200000| 70%| E|  |TAMS 0x0000000711000000, 0x0000000711000000| Complete 
| 119|0x0000000711200000, 0x0000000711400000, 0x0000000711400000|100%| E|CS|TAMS 0x0000000711200000, 0x0000000711200000| Complete 
| 120|0x0000000711400000, 0x0000000711600000, 0x0000000711600000|100%| E|CS|TAMS 0x0000000711400000, 0x0000000711400000| Complete 
| 121|0x0000000711600000, 0x0000000711800000, 0x0000000711800000|100%| E|CS|TAMS 0x0000000711600000, 0x0000000711600000| Complete 
| 122|0x0000000711800000, 0x0000000711a00000, 0x0000000711a00000|100%| E|CS|TAMS 0x0000000711800000, 0x0000000711800000| Complete 
| 123|0x0000000711a00000, 0x0000000711c00000, 0x0000000711c00000|100%| E|CS|TAMS 0x0000000711a00000, 0x0000000711a00000| Complete 
| 124|0x0000000711c00000, 0x0000000711e00000, 0x0000000711e00000|100%| E|CS|TAMS 0x0000000711c00000, 0x0000000711c00000| Complete 
| 125|0x0000000711e00000, 0x0000000712000000, 0x0000000712000000|100%| E|CS|TAMS 0x0000000711e00000, 0x0000000711e00000| Complete 
| 126|0x0000000712000000, 0x0000000712200000, 0x0000000712200000|100%| E|CS|TAMS 0x0000000712000000, 0x0000000712000000| Complete 

Card table byte_map: [0x000001dceb750000,0x000001dcebf40000] _byte_map_base: 0x000001dce7f3e000

Marking Bits (Prev, Next): (CMBitMap*) 0x000001dcd348aaf0, (CMBitMap*) 0x000001dcd348ab30
 Prev Bits: [0x000001dcec730000, 0x000001dcf06a0000)
 Next Bits: [0x000001dcf06a0000, 0x000001dcf4610000)

Polling page: 0x000001dcd1ba0000

Metaspace:

Usage:
  Non-class:      1.37 MB used.
      Class:    150.52 KB used.
       Both:      1.51 MB used.

Virtual space:
  Non-class space:       64.00 MB reserved,       1.44 MB (  2%) committed,  1 nodes.
      Class space:        1.00 GB reserved,     192.00 KB ( <1%) committed,  1 nodes.
             Both:        1.06 GB reserved,       1.62 MB ( <1%) committed. 

Chunk freelists:
   Non-Class:  11.56 MB
       Class:  15.64 MB
        Both:  27.20 MB

MaxMetaspaceSize: unlimited
CompressedClassSpaceSize: 1.00 GB
Initial GC threshold: 21.00 MB
Current GC threshold: 21.00 MB
CDS: on
MetaspaceReclaimPolicy: balanced
 - commit_granule_bytes: 65536.
 - commit_granule_words: 8192.
 - virtual_space_node_default_size: 8388608.
 - enlarge_chunks_in_place: 1.
 - new_chunks_are_fully_committed: 0.
 - uncommit_free_chunks: 1.
 - use_allocation_guard: 0.
 - handle_deallocations: 1.


Internal statistics:

num_allocs_failed_limit: 0.
num_arena_births: 12.
num_arena_deaths: 0.
num_vsnodes_births: 2.
num_vsnodes_deaths: 0.
num_space_committed: 26.
num_space_uncommitted: 0.
num_chunks_returned_to_freelist: 0.
num_chunks_taken_from_freelist: 47.
num_chunk_merges: 0.
num_chunk_splits: 31.
num_chunks_enlarged: 25.
num_inconsistent_stats: 0.

CodeHeap 'non-profiled nmethods': size=119168Kb used=267Kb max_used=267Kb free=118901Kb
 bounds [0x000001dce2b30000, 0x000001dce2da0000, 0x000001dce9f90000]
CodeHeap 'profiled nmethods': size=119104Kb used=1141Kb max_used=1141Kb free=117962Kb
 bounds [0x000001dcdaf90000, 0x000001dcdb200000, 0x000001dce23e0000]
CodeHeap 'non-nmethods': size=7488Kb used=1679Kb max_used=1709Kb free=5808Kb
 bounds [0x000001dce23e0000, 0x000001dce2650000, 0x000001dce2b30000]
 total_blobs=1073 nmethods=677 adapters=308
 compilation: enabled
              stopped_count=0, restarted_count=0
 full_count=0

Compilation events (20 events):
Event: 0.443 Thread 0x000001dcf77d9420  607       3       java.util.zip.ZipFile$Source::initCEN (591 bytes)
Event: 0.443 Thread 0x000001dcf7706030 nmethod 606 0x000001dcdb085390 code [0x000001dcdb085520, 0x000001dcdb0856d8]
Event: 0.445 Thread 0x000001dcf77d9420 nmethod 607 0x000001dcdb085810 code [0x000001dcdb085d40, 0x000001dcdb088f98]
Event: 0.447 Thread 0x000001dcf77d8430  608       4       java.util.HashMap::putVal (300 bytes)
Event: 0.447 Thread 0x000001dcf77d9420  609   !   3       java.security.AccessController::doPrivileged (26 bytes)
Event: 0.448 Thread 0x000001dcf77d9420 nmethod 609 0x000001dcdb08a310 code [0x000001dcdb08a520, 0x000001dcdb08aa08]
Event: 0.449 Thread 0x000001dcf7706030  610       3       sun.net.util.URLUtil::urlNoFragString (114 bytes)
Event: 0.450 Thread 0x000001dcf7706030 nmethod 610 0x000001dcdb08ac90 code [0x000001dcdb08afc0, 0x000001dcdb08c048]
Event: 0.451 Thread 0x000001dcf77d9420  611       3       jdk.internal.perf.PerfCounter::addElapsedTimeFrom (10 bytes)
Event: 0.452 Thread 0x000001dcf77d9420 nmethod 611 0x000001dcdb08c610 code [0x000001dcdb08c7c0, 0x000001dcdb08c948]
Event: 0.455 Thread 0x000001dcf77d8980  612       4       java.lang.StringCoding::hasNegatives (25 bytes)
Event: 0.455 Thread 0x000001dcf77d69a0  613       4       java.lang.AbstractStringBuilder::isLatin1 (19 bytes)
Event: 0.456 Thread 0x000001dcf77d69a0 nmethod 613 0x000001dce2b65110 code [0x000001dce2b65280, 0x000001dce2b65318]
Event: 0.457 Thread 0x000001dcf76f21e0  614       4       java.lang.String::toLowerCase (29 bytes)
Event: 0.457 Thread 0x000001dcf77d8980 nmethod 612 0x000001dce2b65410 code [0x000001dce2b65580, 0x000001dce2b656f8]
Event: 0.460 Thread 0x000001dcf7706030  615  s    3       java.util.Hashtable::get (69 bytes)
Event: 0.460 Thread 0x000001dcf77d9420  616       3       java.io.WinNTFileSystem::normalizePrefix (132 bytes)
Event: 0.461 Thread 0x000001dcf77d8980  617       4       java.io.WinNTFileSystem::normalize (143 bytes)
Event: 0.461 Thread 0x000001dcf7706030 nmethod 615 0x000001dcdb08ca10 code [0x000001dcdb08cbe0, 0x000001dcdb08d138]
Event: 0.463 Thread 0x000001dcf77d9420 nmethod 616 0x000001dcdb08d310 code [0x000001dcdb08d740, 0x000001dcdb08f7e8]

GC Heap History (0 events):
No events

Dll operation events (7 events):
Event: 0.013 Loaded shared library D:\Unity\6000.0.38f1\Editor\Data\PlaybackEngines\AndroidPlayer\OpenJDK\bin\java.dll
Event: 0.038 Loaded shared library D:\Unity\6000.0.38f1\Editor\Data\PlaybackEngines\AndroidPlayer\OpenJDK\bin\jsvml.dll
Event: 0.075 Loaded shared library D:\Unity\6000.0.38f1\Editor\Data\PlaybackEngines\AndroidPlayer\OpenJDK\bin\net.dll
Event: 0.080 Loaded shared library D:\Unity\6000.0.38f1\Editor\Data\PlaybackEngines\AndroidPlayer\OpenJDK\bin\nio.dll
Event: 0.088 Loaded shared library D:\Unity\6000.0.38f1\Editor\Data\PlaybackEngines\AndroidPlayer\OpenJDK\bin\zip.dll
Event: 0.303 Loaded shared library D:\Unity\6000.0.38f1\Editor\Data\PlaybackEngines\AndroidPlayer\OpenJDK\bin\jimage.dll
Event: 0.414 Loaded shared library D:\Unity\6000.0.38f1\Editor\Data\PlaybackEngines\AndroidPlayer\OpenJDK\bin\verify.dll

Deoptimization events (20 events):
Event: 0.364 Thread 0x000001dcd1a3afb0 DEOPT PACKING pc=0x000001dce2b56a78 sp=0x000000b87cefa4b0
Event: 0.364 Thread 0x000001dcd1a3afb0 DEOPT UNPACKING pc=0x000001dce24369a3 sp=0x000000b87cefa408 mode 2
Event: 0.388 Thread 0x000001dcd1a3afb0 Uncommon trap: trap_request=0xffffffde fr.pc=0x000001dce2b56a20 relative=0x0000000000001be0
Event: 0.388 Thread 0x000001dcd1a3afb0 Uncommon trap: reason=class_check action=maybe_recompile pc=0x000001dce2b56a20 method=java.util.HashMap.putVal(ILjava/lang/Object;Ljava/lang/Object;ZZ)Ljava/lang/Object; @ 91 c2
Event: 0.388 Thread 0x000001dcd1a3afb0 DEOPT PACKING pc=0x000001dce2b56a20 sp=0x000000b87cefa460
Event: 0.388 Thread 0x000001dcd1a3afb0 DEOPT UNPACKING pc=0x000001dce24369a3 sp=0x000000b87cefa3a0 mode 2
Event: 0.391 Thread 0x000001dcd1a3afb0 Uncommon trap: trap_request=0xffffffde fr.pc=0x000001dce2b56a78 relative=0x0000000000001c38
Event: 0.391 Thread 0x000001dcd1a3afb0 Uncommon trap: reason=class_check action=maybe_recompile pc=0x000001dce2b56a78 method=java.util.HashMap.putVal(ILjava/lang/Object;Ljava/lang/Object;ZZ)Ljava/lang/Object; @ 203 c2
Event: 0.391 Thread 0x000001dcd1a3afb0 DEOPT PACKING pc=0x000001dce2b56a78 sp=0x000000b87cefa460
Event: 0.391 Thread 0x000001dcd1a3afb0 DEOPT UNPACKING pc=0x000001dce24369a3 sp=0x000000b87cefa3a0 mode 2
Event: 0.391 Thread 0x000001dcd1a3afb0 Uncommon trap: trap_request=0xffffffde fr.pc=0x000001dce2b56a20 relative=0x0000000000001be0
Event: 0.391 Thread 0x000001dcd1a3afb0 Uncommon trap: reason=class_check action=maybe_recompile pc=0x000001dce2b56a20 method=java.util.HashMap.putVal(ILjava/lang/Object;Ljava/lang/Object;ZZ)Ljava/lang/Object; @ 91 c2
Event: 0.391 Thread 0x000001dcd1a3afb0 DEOPT PACKING pc=0x000001dce2b56a20 sp=0x000000b87cefa460
Event: 0.391 Thread 0x000001dcd1a3afb0 DEOPT UNPACKING pc=0x000001dce24369a3 sp=0x000000b87cefa3a0 mode 2
Event: 0.420 Thread 0x000001dcd1a3afb0 DEOPT PACKING pc=0x000001dcdafc71d0 sp=0x000000b87cefcba0
Event: 0.420 Thread 0x000001dcd1a3afb0 DEOPT UNPACKING pc=0x000001dce2437143 sp=0x000000b87cefc060 mode 0
Event: 0.445 Thread 0x000001dcd1a3afb0 Uncommon trap: trap_request=0xffffffde fr.pc=0x000001dce2b52ea0 relative=0x0000000000001b60
Event: 0.445 Thread 0x000001dcd1a3afb0 Uncommon trap: reason=class_check action=maybe_recompile pc=0x000001dce2b52ea0 method=java.util.HashMap.putVal(ILjava/lang/Object;Ljava/lang/Object;ZZ)Ljava/lang/Object; @ 203 c2
Event: 0.445 Thread 0x000001dcd1a3afb0 DEOPT PACKING pc=0x000001dce2b52ea0 sp=0x000000b87cefc980
Event: 0.445 Thread 0x000001dcd1a3afb0 DEOPT UNPACKING pc=0x000001dce24369a3 sp=0x000000b87cefc930 mode 2

Classes unloaded (0 events):
No events

Classes redefined (0 events):
No events

Internal exceptions (1 events):
Event: 0.113 Thread 0x000001dcd1a3afb0 Exception <a 'java/lang/NoSuchMethodError'{0x0000000711ec4be0}: 'int java.lang.invoke.DirectMethodHandle$Holder.invokeStaticInit(java.lang.Object, java.lang.Object)'> (0x0000000711ec4be0) 
thrown [s\src\hotspot\share\interpreter\linkResolver.cpp, line 759]

VM Operations (2 events):
Event: 0.090 Executing VM operation: HandshakeAllThreads
Event: 0.090 Executing VM operation: HandshakeAllThreads done

Events (20 events):
Event: 0.414 loading class java/lang/NoSuchFieldError
Event: 0.415 loading class java/lang/NoSuchFieldError done
Event: 0.417 loading class java/util/concurrent/LinkedBlockingQueue
Event: 0.417 loading class java/util/concurrent/BlockingQueue
Event: 0.417 loading class java/util/concurrent/BlockingQueue done
Event: 0.417 loading class java/util/AbstractQueue
Event: 0.418 loading class java/util/AbstractQueue done
Event: 0.418 loading class java/util/concurrent/LinkedBlockingQueue done
Event: 0.418 loading class java/util/concurrent/locks/AbstractQueuedSynchronizer$ConditionObject
Event: 0.418 loading class java/util/concurrent/locks/Condition
Event: 0.418 loading class java/util/concurrent/locks/Condition done
Event: 0.418 loading class java/util/concurrent/locks/AbstractQueuedSynchronizer$ConditionObject done
Event: 0.418 loading class java/util/concurrent/LinkedBlockingQueue$Node
Event: 0.419 loading class java/util/concurrent/LinkedBlockingQueue$Node done
Event: 0.419 loading class java/lang/SecurityException
Event: 0.419 loading class java/lang/SecurityException done
Event: 0.420 loading class java/net/URLClassLoader$3
Event: 0.420 loading class java/net/URLClassLoader$3 done
Event: 0.420 loading class java/net/URLClassLoader$3$1
Event: 0.420 loading class java/net/URLClassLoader$3$1 done


Dynamic libraries:
0x00007ff62cbb0000 - 0x00007ff62cbbe000 	D:\Unity\6000.0.38f1\Editor\Data\PlaybackEngines\AndroidPlayer\OpenJDK\bin\java.exe
0x00007ffe0dae0000 - 0x00007ffe0dd45000 	C:\WINDOWS\SYSTEM32\ntdll.dll
0x00007ffe0c680000 - 0x00007ffe0c749000 	C:\WINDOWS\System32\KERNEL32.DLL
0x00007ffe0afe0000 - 0x00007ffe0b3c8000 	C:\WINDOWS\System32\KERNELBASE.dll
0x00007ffe0ae90000 - 0x00007ffe0afdb000 	C:\WINDOWS\System32\ucrtbase.dll
0x00007ffe06db0000 - 0x00007ffe06dcb000 	D:\Unity\6000.0.38f1\Editor\Data\PlaybackEngines\AndroidPlayer\OpenJDK\bin\VCRUNTIME140.dll
0x00007ffe06cc0000 - 0x00007ffe06cd7000 	D:\Unity\6000.0.38f1\Editor\Data\PlaybackEngines\AndroidPlayer\OpenJDK\bin\jli.dll
0x00007ffe0c750000 - 0x00007ffe0c91a000 	C:\WINDOWS\System32\USER32.dll
0x00007ffe0ae60000 - 0x00007ffe0ae87000 	C:\WINDOWS\System32\win32u.dll
0x00007ffe0bfd0000 - 0x00007ffe0bffb000 	C:\WINDOWS\System32\GDI32.dll
0x00007ffdec4d0000 - 0x00007ffdec76a000 	C:\WINDOWS\WinSxS\amd64_microsoft.windows.common-controls_6595b64144ccf1df_6.0.26100.4202_none_3e0698d4e335f517\COMCTL32.dll
0x00007ffe0b740000 - 0x00007ffe0b877000 	C:\WINDOWS\System32\gdi32full.dll
0x00007ffe0c5c0000 - 0x00007ffe0c669000 	C:\WINDOWS\System32\msvcrt.dll
0x00007ffe0ac30000 - 0x00007ffe0acd3000 	C:\WINDOWS\System32\msvcp_win.dll
0x00007ffe0b880000 - 0x00007ffe0b8b0000 	C:\WINDOWS\System32\IMM32.DLL
0x00007ffe06d20000 - 0x00007ffe06d2c000 	D:\Unity\6000.0.38f1\Editor\Data\PlaybackEngines\AndroidPlayer\OpenJDK\bin\vcruntime140_1.dll
0x00007ffdf2a10000 - 0x00007ffdf2a9d000 	D:\Unity\6000.0.38f1\Editor\Data\PlaybackEngines\AndroidPlayer\OpenJDK\bin\msvcp140.dll
0x00007ffcd3330000 - 0x00007ffcd3f91000 	D:\Unity\6000.0.38f1\Editor\Data\PlaybackEngines\AndroidPlayer\OpenJDK\bin\server\jvm.dll
0x00007ffe0d720000 - 0x00007ffe0d7d3000 	C:\WINDOWS\System32\ADVAPI32.dll
0x00007ffe0bf20000 - 0x00007ffe0bfc6000 	C:\WINDOWS\System32\sechost.dll
0x00007ffe0c9a0000 - 0x00007ffe0cab5000 	C:\WINDOWS\System32\RPCRT4.dll
0x00007ffde8720000 - 0x00007ffde872a000 	C:\WINDOWS\SYSTEM32\WSOCK32.dll
0x00007ffe0a4b0000 - 0x00007ffe0a50e000 	C:\WINDOWS\SYSTEM32\POWRPROF.dll
0x00007ffdf7490000 - 0x00007ffdf74c5000 	C:\WINDOWS\SYSTEM32\WINMM.dll
0x00007ffe04540000 - 0x00007ffe0454b000 	C:\WINDOWS\SYSTEM32\VERSION.dll
0x00007ffe0c920000 - 0x00007ffe0c994000 	C:\WINDOWS\System32\WS2_32.dll
0x00007ffe0a490000 - 0x00007ffe0a4a4000 	C:\WINDOWS\SYSTEM32\UMPDC.dll
0x00007ffe09960000 - 0x00007ffe0997b000 	C:\WINDOWS\SYSTEM32\kernel.appcore.dll
0x00007ffe04860000 - 0x00007ffe0486a000 	D:\Unity\6000.0.38f1\Editor\Data\PlaybackEngines\AndroidPlayer\OpenJDK\bin\jimage.dll
0x00007ffe07f90000 - 0x00007ffe081d1000 	C:\WINDOWS\SYSTEM32\DBGHELP.DLL
0x00007ffe0d2a0000 - 0x00007ffe0d625000 	C:\WINDOWS\System32\combase.dll
0x00007ffe0d630000 - 0x00007ffe0d711000 	C:\WINDOWS\System32\OLEAUT32.dll
0x00007ffdd9780000 - 0x00007ffdd97b9000 	C:\WINDOWS\SYSTEM32\dbgcore.DLL
0x00007ffe0b3d0000 - 0x00007ffe0b469000 	C:\WINDOWS\System32\bcryptPrimitives.dll
0x00007ffdf8180000 - 0x00007ffdf81a5000 	D:\Unity\6000.0.38f1\Editor\Data\PlaybackEngines\AndroidPlayer\OpenJDK\bin\java.dll
0x00007ffdc7280000 - 0x00007ffdc7357000 	D:\Unity\6000.0.38f1\Editor\Data\PlaybackEngines\AndroidPlayer\OpenJDK\bin\jsvml.dll
0x00007ffe0cac0000 - 0x00007ffe0d202000 	C:\WINDOWS\System32\SHELL32.dll
0x00007ffe0b5c0000 - 0x00007ffe0b734000 	C:\WINDOWS\System32\wintypes.dll
0x00007ffe08800000 - 0x00007ffe09058000 	C:\WINDOWS\SYSTEM32\windows.storage.dll
0x00007ffe0ba90000 - 0x00007ffe0bb81000 	C:\WINDOWS\System32\SHCORE.dll
0x00007ffe0c550000 - 0x00007ffe0c5ba000 	C:\WINDOWS\System32\shlwapi.dll
0x00007ffe0aad0000 - 0x00007ffe0aaff000 	C:\WINDOWS\SYSTEM32\profapi.dll
0x00007ffe03bd0000 - 0x00007ffe03be9000 	D:\Unity\6000.0.38f1\Editor\Data\PlaybackEngines\AndroidPlayer\OpenJDK\bin\net.dll
0x00007ffe00920000 - 0x00007ffe00a3e000 	C:\WINDOWS\SYSTEM32\WINHTTP.dll
0x00007ffe09ef0000 - 0x00007ffe09f5a000 	C:\WINDOWS\system32\mswsock.dll
0x00007ffdf29f0000 - 0x00007ffdf2a06000 	D:\Unity\6000.0.38f1\Editor\Data\PlaybackEngines\AndroidPlayer\OpenJDK\bin\nio.dll
0x00007ffdf29d0000 - 0x00007ffdf29e8000 	D:\Unity\6000.0.38f1\Editor\Data\PlaybackEngines\AndroidPlayer\OpenJDK\bin\zip.dll
0x00007ffe04850000 - 0x00007ffe04860000 	D:\Unity\6000.0.38f1\Editor\Data\PlaybackEngines\AndroidPlayer\OpenJDK\bin\verify.dll

dbghelp: loaded successfully - version: 4.0.5 - missing functions: none
symbol engine: initialized successfully - sym options: 0x614 - pdb path: .;D:\Unity\6000.0.38f1\Editor\Data\PlaybackEngines\AndroidPlayer\OpenJDK\bin;C:\WINDOWS\SYSTEM32;C:\WINDOWS\WinSxS\amd64_microsoft.windows.common-controls_6595b64144ccf1df_6.0.26100.4202_none_3e0698d4e335f517;D:\Unity\6000.0.38f1\Editor\Data\PlaybackEngines\AndroidPlayer\OpenJDK\bin\server

VM Arguments:
java_command: org.gradle.launcher.GradleMain -Dorg.gradle.jvmargs=-Xmx4096m --stop
java_class_path (initial): D:\Unity\6000.0.38f1\Editor\Data\PlaybackEngines\AndroidPlayer\Tools\gradle\lib\gradle-launcher-8.4.jar
Launcher Type: SUN_STANDARD

[Global flags]
     intx CICompilerCount                          = 12                                        {product} {ergonomic}
     uint ConcGCThreads                            = 3                                         {product} {ergonomic}
     uint G1ConcRefinementThreads                  = 13                                        {product} {ergonomic}
   size_t G1HeapRegionSize                         = 2097152                                   {product} {ergonomic}
    uintx GCDrainStackTargetSize                   = 64                                        {product} {ergonomic}
   size_t InitialHeapSize                          = 266338304                                 {product} {ergonomic}
   size_t MarkStackSize                            = 4194304                                   {product} {ergonomic}
   size_t MaxHeapSize                              = 4257218560                                {product} {ergonomic}
   size_t MaxNewSize                               = 2554331136                                {product} {ergonomic}
   size_t MinHeapDeltaBytes                        = 2097152                                   {product} {ergonomic}
   size_t MinHeapSize                              = 8388608                                   {product} {ergonomic}
    uintx NonNMethodCodeHeapSize                   = 7602480                                {pd product} {ergonomic}
    uintx NonProfiledCodeHeapSize                  = 122027880                              {pd product} {ergonomic}
    uintx ProfiledCodeHeapSize                     = 122027880                              {pd product} {ergonomic}
    uintx ReservedCodeCacheSize                    = 251658240                              {pd product} {ergonomic}
     bool SegmentedCodeCache                       = true                                      {product} {ergonomic}
   size_t SoftMaxHeapSize                          = 4257218560                             {manageable} {ergonomic}
     bool UseCompressedClassPointers               = true                           {product lp64_product} {ergonomic}
     bool UseCompressedOops                        = true                           {product lp64_product} {ergonomic}
     bool UseG1GC                                  = true                                      {product} {ergonomic}
     bool UseLargePagesIndividualAllocation        = false                                  {pd product} {ergonomic}

Logging:
Log output configuration:
 #0: stdout all=warning uptime,level,tags
 #1: stderr all=off uptime,level,tags

Environment Variables:
JAVA_HOME=D:\Unity\6000.0.38f1\Editor\Data\PlaybackEngines\AndroidPlayer\OpenJDK
PATH=E:\Oculus\Support\oculus-runtime;C:\Program Files\Common Files\Oracle\Java\javapath;C:\Program Files (x86)\Common Files\Oracle\Java\javapath;C:\Program Files\Python37\Scripts\;C:\Program Files\Python37\;C:\Program Files (x86)\Python37-32\Scripts\;C:\Program Files (x86)\Python37-32\;C:\Program Files\Python38\Scripts\;C:\Program Files\Python38\;C:\Windows\system32;C:\Windows;C:\Windows\System32\Wbem;C:\Windows\System32\WindowsPowerShell\v1.0\;C:\Windows\System32\OpenSSH\;C:\Program Files (x86)\NVIDIA Corporation\PhysX\Common;C:\Program Files\NVIDIA Corporation\NVIDIA NvDLISR;C:\Program Files\MATLAB\R2023a\bin;C:\Program Files\Java\jdk-20\bin;C:\Program Files\dotnet\;C:\Program Files\nodejs\;C:\WINDOWS\system32;C:\WINDOWS;C:\WINDOWS\System32\Wbem;C:\WINDOWS\System32\WindowsPowerShell\v1.0\;C:\WINDOWS\System32\OpenSSH\;C:\Users\PLUTO\AppData\Local\Programs\oh-my-posh\bin\;E:\Scoop\shims;C:\Users\PLUTO\AppData\Local\Microsoft\WindowsApps;E:\Bandzip\;E:\Pycharm\PyCharm Community Edition 2021.3.1\bin;;E:\QQ\QQGameTempest\Hall.57734\;C:\Users\PLUTO\AppData\Local\Programs\Python\Python39;E:\Vscode\Microsoft VS Code\bin;C:\Users\PLUTO\.dotnet\tools;C:\Users\PLUTO\AppData\Roaming\npm;E:\IntelliJ\IntelliJ IDEA 2024.3\bin;;E:\Maven\apache-maven-3.9.10\bin;D:\Unity\6000.0.38f1\Editor\Data\PlaybackEngines\AndroidPlayer\SDK\platform-tools;E:\Anaconda;E:\Anaconda\Library\bin;E:\Anaconda\Scripts;
USERNAME=kezhou
OS=Windows_NT
PROCESSOR_IDENTIFIER=AMD64 Family 25 Model 80 Stepping 0, AuthenticAMD
TMP=C:\Users\PLUTO\AppData\Local\Temp
TEMP=C:\Users\PLUTO\AppData\Local\Temp



Periodic native trim disabled


---------------  S Y S T E M  ---------------

OS:
 Windows 11 , 64 bit Build 26100 (10.0.26100.4202)
OS uptime: 0 days 8:59 hours
Hyper-V role detected

CPU: total 16 (initial active 16) (16 cores per cpu, 2 threads per core) family 25 model 80 stepping 0 microcode 0xa50000f, cx8, cmov, fxsr, ht, mmx, 3dnowpref, sse, sse2, sse3, ssse3, sse4a, sse4.1, sse4.2, popcnt, lzcnt, tsc, tscinvbit, avx, avx2, aes, erms, clmul, bmi1, bmi2, adx, sha, fma, vzeroupper, clflush, clflushopt, hv
Processor Information for all 16 processors :
  Max Mhz: 3201, Current Mhz: 3201, Mhz Limit: 3201

Memory: 4k page, system-wide physical 16236M (1655M free)
TotalPageFile size 31150M (AvailPageFile size 19M)
current process WorkingSet (physical memory assigned to process): 73M, peak: 73M
current process commit charge ("private bytes"): 366M, peak: 367M

vm_info: OpenJDK 64-Bit Server VM (17.0.9+9) for windows-amd64 JRE (17.0.9+9), built on Oct 26 2023 14:01:42 by "admin" with MS VC++ 16.10 / 16.11 (VS2019)

END.
